2019-01-29 15:11:35.396 [main] INFO  org.springframework.test.context.support.DefaultTestContextBootstrapper - Loaded default TestExecutionListener class names from location [META-INF/spring.factories]: [org.springframework.test.context.web.ServletTestExecutionListener, org.springframework.test.context.support.DirtiesContextBeforeModesTestExecutionListener, org.springframework.test.context.support.DependencyInjectionTestExecutionListener, org.springframework.test.context.support.DirtiesContextTestExecutionListener, org.springframework.test.context.transaction.TransactionalTestExecutionListener, org.springframework.test.context.jdbc.SqlScriptsTestExecutionListener]
2019-01-29 15:11:35.433 [main] INFO  org.springframework.test.context.support.DefaultTestContextBootstrapper - Using TestExecutionListeners: [org.springframework.test.context.support.DirtiesContextBeforeModesTestExecutionListener@40db2a24, org.springframework.test.context.support.DependencyInjectionTestExecutionListener@10cf09e8, org.springframework.test.context.support.DirtiesContextTestExecutionListener@1921ad94, org.springframework.test.context.transaction.TransactionalTestExecutionListener@ee86bcb, org.springframework.test.context.jdbc.SqlScriptsTestExecutionListener@177bea38]
2019-01-29 15:11:35.721 [main] INFO  org.springframework.context.support.GenericApplicationContext - Refreshing org.springframework.context.support.GenericApplicationContext@59b38691: startup date [Tue Jan 29 15:11:35 CST 2019]; root of context hierarchy
2019-01-29 15:11:35.995 [main] INFO  com.baidu.disconf.client.config.ConfigMgr - --------------- LOAD CONFIG START ---------------
2019-01-29 15:11:35.998 [main] INFO  com.baidu.disconf.client.config.ConfigMgr - Finer print: L3501B1160_0_bab9ba64-665b-452e-b9e2-4a54798b00b0
2019-01-29 15:11:36.009 [main] INFO  com.baidu.disconf.core.common.utils.ClassLoaderUtil - classpath: D:\Workspace-MyEclipse\study\target\test-classes
2019-01-29 15:11:38.517 [main] ERROR com.baidu.disconf.client.DisconfMgr - java.lang.Exception: settings: disconf.conf_server_host cannot find
java.lang.Exception: settings: disconf.conf_server_host cannot find
	at com.baidu.disconf.client.config.inner.DisInnerConfigHelper.verifyUserConfig(DisInnerConfigHelper.java:44) ~[disconf-client-2.6.36.jar:?]
	at com.baidu.disconf.client.config.ConfigMgr.init(ConfigMgr.java:43) ~[disconf-client-2.6.36.jar:?]
	at com.baidu.disconf.client.DisconfMgr.firstScan(DisconfMgr.java:83) [disconf-client-2.6.36.jar:?]
	at com.baidu.disconf.client.DisconfMgrBean.postProcessBeanDefinitionRegistry(DisconfMgrBean.java:75) [disconf-client-2.6.36.jar:?]
	at org.springframework.context.support.PostProcessorRegistrationDelegate.invokeBeanDefinitionRegistryPostProcessors(PostProcessorRegistrationDelegate.java:272) [spring-context-4.3.17.RELEASE.jar:4.3.17.RELEASE]
	at org.springframework.context.support.PostProcessorRegistrationDelegate.invokeBeanFactoryPostProcessors(PostProcessorRegistrationDelegate.java:105) [spring-context-4.3.17.RELEASE.jar:4.3.17.RELEASE]
	at org.springframework.context.support.AbstractApplicationContext.invokeBeanFactoryPostProcessors(AbstractApplicationContext.java:687) [spring-context-4.3.17.RELEASE.jar:4.3.17.RELEASE]
	at org.springframework.context.support.AbstractApplicationContext.refresh(AbstractApplicationContext.java:525) [spring-context-4.3.17.RELEASE.jar:4.3.17.RELEASE]
	at org.springframework.test.context.support.AbstractGenericContextLoader.loadContext(AbstractGenericContextLoader.java:128) [spring-test-4.3.17.RELEASE.jar:4.3.17.RELEASE]
	at org.springframework.test.context.support.AbstractGenericContextLoader.loadContext(AbstractGenericContextLoader.java:60) [spring-test-4.3.17.RELEASE.jar:4.3.17.RELEASE]
	at org.springframework.test.context.support.AbstractDelegatingSmartContextLoader.delegateLoading(AbstractDelegatingSmartContextLoader.java:106) [spring-test-4.3.17.RELEASE.jar:4.3.17.RELEASE]
	at org.springframework.test.context.support.AbstractDelegatingSmartContextLoader.loadContext(AbstractDelegatingSmartContextLoader.java:249) [spring-test-4.3.17.RELEASE.jar:4.3.17.RELEASE]
	at org.springframework.test.context.cache.DefaultCacheAwareContextLoaderDelegate.loadContextInternal(DefaultCacheAwareContextLoaderDelegate.java:98) [spring-test-4.3.17.RELEASE.jar:4.3.17.RELEASE]
	at org.springframework.test.context.cache.DefaultCacheAwareContextLoaderDelegate.loadContext(DefaultCacheAwareContextLoaderDelegate.java:116) [spring-test-4.3.17.RELEASE.jar:4.3.17.RELEASE]
	at org.springframework.test.context.support.DefaultTestContext.getApplicationContext(DefaultTestContext.java:83) [spring-test-4.3.17.RELEASE.jar:4.3.17.RELEASE]
	at org.springframework.test.context.support.DependencyInjectionTestExecutionListener.injectDependencies(DependencyInjectionTestExecutionListener.java:117) [spring-test-4.3.17.RELEASE.jar:4.3.17.RELEASE]
	at org.springframework.test.context.support.DependencyInjectionTestExecutionListener.prepareTestInstance(DependencyInjectionTestExecutionListener.java:83) [spring-test-4.3.17.RELEASE.jar:4.3.17.RELEASE]
	at org.springframework.test.context.TestContextManager.prepareTestInstance(TestContextManager.java:230) [spring-test-4.3.17.RELEASE.jar:4.3.17.RELEASE]
	at org.springframework.test.context.junit4.SpringJUnit4ClassRunner.createTest(SpringJUnit4ClassRunner.java:228) [spring-test-4.3.17.RELEASE.jar:4.3.17.RELEASE]
	at org.springframework.test.context.junit4.SpringJUnit4ClassRunner$1.runReflectiveCall(SpringJUnit4ClassRunner.java:287) [spring-test-4.3.17.RELEASE.jar:4.3.17.RELEASE]
	at org.junit.internal.runners.model.ReflectiveCallable.run(ReflectiveCallable.java:12) [junit-4.12.jar:4.12]
	at org.springframework.test.context.junit4.SpringJUnit4ClassRunner.methodBlock(SpringJUnit4ClassRunner.java:289) [spring-test-4.3.17.RELEASE.jar:4.3.17.RELEASE]
	at org.springframework.test.context.junit4.SpringJUnit4ClassRunner.runChild(SpringJUnit4ClassRunner.java:247) [spring-test-4.3.17.RELEASE.jar:4.3.17.RELEASE]
	at org.springframework.test.context.junit4.SpringJUnit4ClassRunner.runChild(SpringJUnit4ClassRunner.java:94) [spring-test-4.3.17.RELEASE.jar:4.3.17.RELEASE]
	at org.junit.runners.ParentRunner$3.run(ParentRunner.java:290) [junit-4.12.jar:4.12]
	at org.junit.runners.ParentRunner$1.schedule(ParentRunner.java:71) [junit-4.12.jar:4.12]
	at org.junit.runners.ParentRunner.runChildren(ParentRunner.java:288) [junit-4.12.jar:4.12]
	at org.junit.runners.ParentRunner.access$000(ParentRunner.java:58) [junit-4.12.jar:4.12]
	at org.junit.runners.ParentRunner$2.evaluate(ParentRunner.java:268) [junit-4.12.jar:4.12]
	at org.springframework.test.context.junit4.statements.RunBeforeTestClassCallbacks.evaluate(RunBeforeTestClassCallbacks.java:61) [spring-test-4.3.17.RELEASE.jar:4.3.17.RELEASE]
	at org.springframework.test.context.junit4.statements.RunAfterTestClassCallbacks.evaluate(RunAfterTestClassCallbacks.java:70) [spring-test-4.3.17.RELEASE.jar:4.3.17.RELEASE]
	at org.junit.runners.ParentRunner.run(ParentRunner.java:363) [junit-4.12.jar:4.12]
	at org.springframework.test.context.junit4.SpringJUnit4ClassRunner.run(SpringJUnit4ClassRunner.java:191) [spring-test-4.3.17.RELEASE.jar:4.3.17.RELEASE]
	at org.eclipse.jdt.internal.junit4.runner.JUnit4TestReference.run(JUnit4TestReference.java:86) [.cp/:?]
	at org.eclipse.jdt.internal.junit.runner.TestExecution.run(TestExecution.java:38) [.cp/:?]
	at org.eclipse.jdt.internal.junit.runner.RemoteTestRunner.runTests(RemoteTestRunner.java:459) [.cp/:?]
	at org.eclipse.jdt.internal.junit.runner.RemoteTestRunner.runTests(RemoteTestRunner.java:678) [.cp/:?]
	at org.eclipse.jdt.internal.junit.runner.RemoteTestRunner.run(RemoteTestRunner.java:382) [.cp/:?]
	at org.eclipse.jdt.internal.junit.runner.RemoteTestRunner.main(RemoteTestRunner.java:192) [.cp/:?]
2019-01-29 15:11:38.540 [main] WARN  org.springframework.context.annotation.ConfigurationClassPostProcessor - Cannot enhance @Configuration bean definition 'disConfConfig' since its singleton instance has been created too early. The typical cause is a non-static @Bean method with a BeanDefinitionRegistryPostProcessor return type: Consider declaring such methods as 'static'.
2019-01-29 15:11:39.029 [main] INFO  com.baidu.disconf.client.DisconfMgr - should run First Scan before Second Scan.
2019-01-29 15:12:25.999 [main] INFO  org.springframework.test.context.support.DefaultTestContextBootstrapper - Loaded default TestExecutionListener class names from location [META-INF/spring.factories]: [org.springframework.test.context.web.ServletTestExecutionListener, org.springframework.test.context.support.DirtiesContextBeforeModesTestExecutionListener, org.springframework.test.context.support.DependencyInjectionTestExecutionListener, org.springframework.test.context.support.DirtiesContextTestExecutionListener, org.springframework.test.context.transaction.TransactionalTestExecutionListener, org.springframework.test.context.jdbc.SqlScriptsTestExecutionListener]
2019-01-29 15:12:26.037 [main] INFO  org.springframework.test.context.support.DefaultTestContextBootstrapper - Using TestExecutionListeners: [org.springframework.test.context.support.DirtiesContextBeforeModesTestExecutionListener@40db2a24, org.springframework.test.context.support.DependencyInjectionTestExecutionListener@10cf09e8, org.springframework.test.context.support.DirtiesContextTestExecutionListener@1921ad94, org.springframework.test.context.transaction.TransactionalTestExecutionListener@ee86bcb, org.springframework.test.context.jdbc.SqlScriptsTestExecutionListener@177bea38]
2019-01-29 15:12:26.366 [main] INFO  org.springframework.context.support.GenericApplicationContext - Refreshing org.springframework.context.support.GenericApplicationContext@59b38691: startup date [Tue Jan 29 15:12:26 CST 2019]; root of context hierarchy
2019-01-29 15:12:26.681 [main] INFO  com.baidu.disconf.client.config.ConfigMgr - --------------- LOAD CONFIG START ---------------
2019-01-29 15:12:26.685 [main] INFO  com.baidu.disconf.client.config.ConfigMgr - Finer print: L3501B1160_0_70f7f605-17b1-4dbd-a386-eaf844c9b85e
2019-01-29 15:12:26.696 [main] INFO  com.baidu.disconf.core.common.utils.ClassLoaderUtil - classpath: D:\Workspace-MyEclipse\study\target\test-classes
2019-01-29 15:12:28.731 [main] ERROR com.baidu.disconf.client.DisconfMgr - java.lang.Exception: settings: disconf.conf_server_host cannot find
java.lang.Exception: settings: disconf.conf_server_host cannot find
	at com.baidu.disconf.client.config.inner.DisInnerConfigHelper.verifyUserConfig(DisInnerConfigHelper.java:44) ~[disconf-client-2.6.36.jar:?]
	at com.baidu.disconf.client.config.ConfigMgr.init(ConfigMgr.java:43) ~[disconf-client-2.6.36.jar:?]
	at com.baidu.disconf.client.DisconfMgr.firstScan(DisconfMgr.java:83) [disconf-client-2.6.36.jar:?]
	at com.baidu.disconf.client.DisconfMgrBean.postProcessBeanDefinitionRegistry(DisconfMgrBean.java:75) [disconf-client-2.6.36.jar:?]
	at org.springframework.context.support.PostProcessorRegistrationDelegate.invokeBeanDefinitionRegistryPostProcessors(PostProcessorRegistrationDelegate.java:272) [spring-context-4.3.17.RELEASE.jar:4.3.17.RELEASE]
	at org.springframework.context.support.PostProcessorRegistrationDelegate.invokeBeanFactoryPostProcessors(PostProcessorRegistrationDelegate.java:105) [spring-context-4.3.17.RELEASE.jar:4.3.17.RELEASE]
	at org.springframework.context.support.AbstractApplicationContext.invokeBeanFactoryPostProcessors(AbstractApplicationContext.java:687) [spring-context-4.3.17.RELEASE.jar:4.3.17.RELEASE]
	at org.springframework.context.support.AbstractApplicationContext.refresh(AbstractApplicationContext.java:525) [spring-context-4.3.17.RELEASE.jar:4.3.17.RELEASE]
	at org.springframework.test.context.support.AbstractGenericContextLoader.loadContext(AbstractGenericContextLoader.java:128) [spring-test-4.3.17.RELEASE.jar:4.3.17.RELEASE]
	at org.springframework.test.context.support.AbstractGenericContextLoader.loadContext(AbstractGenericContextLoader.java:60) [spring-test-4.3.17.RELEASE.jar:4.3.17.RELEASE]
	at org.springframework.test.context.support.AbstractDelegatingSmartContextLoader.delegateLoading(AbstractDelegatingSmartContextLoader.java:106) [spring-test-4.3.17.RELEASE.jar:4.3.17.RELEASE]
	at org.springframework.test.context.support.AbstractDelegatingSmartContextLoader.loadContext(AbstractDelegatingSmartContextLoader.java:249) [spring-test-4.3.17.RELEASE.jar:4.3.17.RELEASE]
	at org.springframework.test.context.cache.DefaultCacheAwareContextLoaderDelegate.loadContextInternal(DefaultCacheAwareContextLoaderDelegate.java:98) [spring-test-4.3.17.RELEASE.jar:4.3.17.RELEASE]
	at org.springframework.test.context.cache.DefaultCacheAwareContextLoaderDelegate.loadContext(DefaultCacheAwareContextLoaderDelegate.java:116) [spring-test-4.3.17.RELEASE.jar:4.3.17.RELEASE]
	at org.springframework.test.context.support.DefaultTestContext.getApplicationContext(DefaultTestContext.java:83) [spring-test-4.3.17.RELEASE.jar:4.3.17.RELEASE]
	at org.springframework.test.context.support.DependencyInjectionTestExecutionListener.injectDependencies(DependencyInjectionTestExecutionListener.java:117) [spring-test-4.3.17.RELEASE.jar:4.3.17.RELEASE]
	at org.springframework.test.context.support.DependencyInjectionTestExecutionListener.prepareTestInstance(DependencyInjectionTestExecutionListener.java:83) [spring-test-4.3.17.RELEASE.jar:4.3.17.RELEASE]
	at org.springframework.test.context.TestContextManager.prepareTestInstance(TestContextManager.java:230) [spring-test-4.3.17.RELEASE.jar:4.3.17.RELEASE]
	at org.springframework.test.context.junit4.SpringJUnit4ClassRunner.createTest(SpringJUnit4ClassRunner.java:228) [spring-test-4.3.17.RELEASE.jar:4.3.17.RELEASE]
	at org.springframework.test.context.junit4.SpringJUnit4ClassRunner$1.runReflectiveCall(SpringJUnit4ClassRunner.java:287) [spring-test-4.3.17.RELEASE.jar:4.3.17.RELEASE]
	at org.junit.internal.runners.model.ReflectiveCallable.run(ReflectiveCallable.java:12) [junit-4.12.jar:4.12]
	at org.springframework.test.context.junit4.SpringJUnit4ClassRunner.methodBlock(SpringJUnit4ClassRunner.java:289) [spring-test-4.3.17.RELEASE.jar:4.3.17.RELEASE]
	at org.springframework.test.context.junit4.SpringJUnit4ClassRunner.runChild(SpringJUnit4ClassRunner.java:247) [spring-test-4.3.17.RELEASE.jar:4.3.17.RELEASE]
	at org.springframework.test.context.junit4.SpringJUnit4ClassRunner.runChild(SpringJUnit4ClassRunner.java:94) [spring-test-4.3.17.RELEASE.jar:4.3.17.RELEASE]
	at org.junit.runners.ParentRunner$3.run(ParentRunner.java:290) [junit-4.12.jar:4.12]
	at org.junit.runners.ParentRunner$1.schedule(ParentRunner.java:71) [junit-4.12.jar:4.12]
	at org.junit.runners.ParentRunner.runChildren(ParentRunner.java:288) [junit-4.12.jar:4.12]
	at org.junit.runners.ParentRunner.access$000(ParentRunner.java:58) [junit-4.12.jar:4.12]
	at org.junit.runners.ParentRunner$2.evaluate(ParentRunner.java:268) [junit-4.12.jar:4.12]
	at org.springframework.test.context.junit4.statements.RunBeforeTestClassCallbacks.evaluate(RunBeforeTestClassCallbacks.java:61) [spring-test-4.3.17.RELEASE.jar:4.3.17.RELEASE]
	at org.springframework.test.context.junit4.statements.RunAfterTestClassCallbacks.evaluate(RunAfterTestClassCallbacks.java:70) [spring-test-4.3.17.RELEASE.jar:4.3.17.RELEASE]
	at org.junit.runners.ParentRunner.run(ParentRunner.java:363) [junit-4.12.jar:4.12]
	at org.springframework.test.context.junit4.SpringJUnit4ClassRunner.run(SpringJUnit4ClassRunner.java:191) [spring-test-4.3.17.RELEASE.jar:4.3.17.RELEASE]
	at org.eclipse.jdt.internal.junit4.runner.JUnit4TestReference.run(JUnit4TestReference.java:86) [.cp/:?]
	at org.eclipse.jdt.internal.junit.runner.TestExecution.run(TestExecution.java:38) [.cp/:?]
	at org.eclipse.jdt.internal.junit.runner.RemoteTestRunner.runTests(RemoteTestRunner.java:459) [.cp/:?]
	at org.eclipse.jdt.internal.junit.runner.RemoteTestRunner.runTests(RemoteTestRunner.java:678) [.cp/:?]
	at org.eclipse.jdt.internal.junit.runner.RemoteTestRunner.run(RemoteTestRunner.java:382) [.cp/:?]
	at org.eclipse.jdt.internal.junit.runner.RemoteTestRunner.main(RemoteTestRunner.java:192) [.cp/:?]
2019-01-29 15:12:28.768 [main] WARN  org.springframework.context.annotation.ConfigurationClassPostProcessor - Cannot enhance @Configuration bean definition 'disConfConfig' since its singleton instance has been created too early. The typical cause is a non-static @Bean method with a BeanDefinitionRegistryPostProcessor return type: Consider declaring such methods as 'static'.
2019-01-29 15:12:29.394 [main] INFO  com.baidu.disconf.client.DisconfMgr - should run First Scan before Second Scan.
2019-01-29 15:12:29.577 [Thread-1] INFO  org.springframework.context.support.GenericApplicationContext - Closing org.springframework.context.support.GenericApplicationContext@59b38691: startup date [Tue Jan 29 15:12:26 CST 2019]; root of context hierarchy
2019-01-29 15:12:29.580 [Thread-1] INFO  com.baidu.disconf.client.DisconfMgr - ******************************* DISCONF CLOSE *******************************
2019-01-29 15:12:29.581 [Thread-1] INFO  com.baidu.disconf.client.DisconfMgr - ******************************* DISCONF CLOSE *******************************
2019-01-29 15:13:34.747 [main] INFO  org.springframework.test.context.support.DefaultTestContextBootstrapper - Loaded default TestExecutionListener class names from location [META-INF/spring.factories]: [org.springframework.test.context.web.ServletTestExecutionListener, org.springframework.test.context.support.DirtiesContextBeforeModesTestExecutionListener, org.springframework.test.context.support.DependencyInjectionTestExecutionListener, org.springframework.test.context.support.DirtiesContextTestExecutionListener, org.springframework.test.context.transaction.TransactionalTestExecutionListener, org.springframework.test.context.jdbc.SqlScriptsTestExecutionListener]
2019-01-29 15:13:34.785 [main] INFO  org.springframework.test.context.support.DefaultTestContextBootstrapper - Using TestExecutionListeners: [org.springframework.test.context.support.DirtiesContextBeforeModesTestExecutionListener@40db2a24, org.springframework.test.context.support.DependencyInjectionTestExecutionListener@10cf09e8, org.springframework.test.context.support.DirtiesContextTestExecutionListener@1921ad94, org.springframework.test.context.transaction.TransactionalTestExecutionListener@ee86bcb, org.springframework.test.context.jdbc.SqlScriptsTestExecutionListener@177bea38]
2019-01-29 15:13:35.126 [main] INFO  org.springframework.context.support.GenericApplicationContext - Refreshing org.springframework.context.support.GenericApplicationContext@59b38691: startup date [Tue Jan 29 15:13:35 CST 2019]; root of context hierarchy
2019-01-29 15:13:35.434 [main] INFO  com.baidu.disconf.client.config.ConfigMgr - --------------- LOAD CONFIG START ---------------
2019-01-29 15:13:35.437 [main] INFO  com.baidu.disconf.client.config.ConfigMgr - Finer print: L3501B1160_0_e6c936a1-baf4-47ce-b0da-f357a5209ba8
2019-01-29 15:13:35.447 [main] INFO  com.baidu.disconf.core.common.utils.ClassLoaderUtil - classpath: D:\Workspace-MyEclipse\study\target\test-classes
2019-01-29 15:13:39.800 [main] INFO  com.baidu.disconf.client.config.inner.DisInnerConfigHelper - SERVER disconf.conf_server_host: [127.0.0.1:8080]
2019-01-29 15:13:39.800 [main] INFO  com.baidu.disconf.client.config.inner.DisInnerConfigHelper - SERVER disconf.version: 1_0_0_0
2019-01-29 15:13:39.800 [main] INFO  com.baidu.disconf.client.config.inner.DisInnerConfigHelper - SERVER disconf.app: disconf_demo
2019-01-29 15:13:39.800 [main] INFO  com.baidu.disconf.client.config.inner.DisInnerConfigHelper - SERVER disconf.env: DEFAULT_ENV
2019-01-29 15:13:39.800 [main] INFO  com.baidu.disconf.client.config.inner.DisInnerConfigHelper - SERVER disconf.enable.remote.conf: true
2019-01-29 15:13:39.801 [main] INFO  com.baidu.disconf.client.config.inner.DisInnerConfigHelper - SERVER disconf.debug: true
2019-01-29 15:13:39.801 [main] INFO  com.baidu.disconf.client.config.inner.DisInnerConfigHelper - SERVER disconf.user_define_download_dir: ./disconf/download
2019-01-29 15:13:39.801 [main] INFO  com.baidu.disconf.client.config.inner.DisInnerConfigHelper - SERVER disconf.ignore: []
2019-01-29 15:13:39.802 [main] INFO  com.baidu.disconf.client.config.ConfigMgr - --------------- LOAD CONFIG END ---------------
2019-01-29 15:13:39.802 [main] INFO  com.baidu.disconf.client.DisconfMgr - ******************************* DISCONF START FIRST SCAN *******************************
2019-01-29 15:13:40.166 [main] WARN  org.reflections.Reflections - given scan urls are empty. set urls in the configuration
2019-01-29 15:13:43.272 [main] WARN  com.baidu.disconf.core.common.restful.retry.impl.RetryStrategyRoundBin - cannot reach, will retry 0 .... org.apache.http.conn.HttpHostConnectException: Connect to 127.0.0.1:8080 [/127.0.0.1] failed: Connection refused: connect
2019-01-29 15:13:46.288 [main] WARN  com.baidu.disconf.core.common.restful.retry.impl.RetryStrategyRoundBin - cannot reach, will retry 1 .... org.apache.http.conn.HttpHostConnectException: Connect to 127.0.0.1:8080 [/127.0.0.1] failed: Connection refused: connect
2019-01-29 15:13:49.295 [main] WARN  com.baidu.disconf.core.common.restful.retry.impl.RetryStrategyRoundBin - cannot reach, will retry 2 .... org.apache.http.conn.HttpHostConnectException: Connect to 127.0.0.1:8080 [/127.0.0.1] failed: Connection refused: connect
2019-01-29 15:13:51.302 [main] WARN  com.baidu.disconf.core.common.restful.retry.impl.RetryStrategyRoundBin - finally failed....
2019-01-29 15:13:52.302 [main] ERROR com.baidu.disconf.client.watch.WatchFactory - cannot get watch module
java.lang.Exception: cannot get: RemoteUrl [url=/api/zoo/hosts, serverList=[127.0.0.1:8080], urls=[http://127.0.0.1:8080/api/zoo/hosts]]
	at com.baidu.disconf.core.common.restful.impl.RestfulMgrImpl.getJsonData(RestfulMgrImpl.java:75) ~[disconf-core-2.6.36.jar:?]
	at com.baidu.disconf.client.fetcher.impl.FetcherMgrImpl.getValueFromServer(FetcherMgrImpl.java:76) ~[disconf-client-2.6.36.jar:?]
	at com.baidu.disconf.client.watch.WatchFactory.getWatchMgr(WatchFactory.java:43) [disconf-client-2.6.36.jar:?]
	at com.baidu.disconf.client.core.DisconfCoreFactory.getDisconfCoreMgr(DisconfCoreFactory.java:32) [disconf-client-2.6.36.jar:?]
	at com.baidu.disconf.client.DisconfMgr.firstScan(DisconfMgr.java:97) [disconf-client-2.6.36.jar:?]
	at com.baidu.disconf.client.DisconfMgrBean.postProcessBeanDefinitionRegistry(DisconfMgrBean.java:75) [disconf-client-2.6.36.jar:?]
	at org.springframework.context.support.PostProcessorRegistrationDelegate.invokeBeanDefinitionRegistryPostProcessors(PostProcessorRegistrationDelegate.java:272) [spring-context-4.3.17.RELEASE.jar:4.3.17.RELEASE]
	at org.springframework.context.support.PostProcessorRegistrationDelegate.invokeBeanFactoryPostProcessors(PostProcessorRegistrationDelegate.java:105) [spring-context-4.3.17.RELEASE.jar:4.3.17.RELEASE]
	at org.springframework.context.support.AbstractApplicationContext.invokeBeanFactoryPostProcessors(AbstractApplicationContext.java:687) [spring-context-4.3.17.RELEASE.jar:4.3.17.RELEASE]
	at org.springframework.context.support.AbstractApplicationContext.refresh(AbstractApplicationContext.java:525) [spring-context-4.3.17.RELEASE.jar:4.3.17.RELEASE]
	at org.springframework.test.context.support.AbstractGenericContextLoader.loadContext(AbstractGenericContextLoader.java:128) [spring-test-4.3.17.RELEASE.jar:4.3.17.RELEASE]
	at org.springframework.test.context.support.AbstractGenericContextLoader.loadContext(AbstractGenericContextLoader.java:60) [spring-test-4.3.17.RELEASE.jar:4.3.17.RELEASE]
	at org.springframework.test.context.support.AbstractDelegatingSmartContextLoader.delegateLoading(AbstractDelegatingSmartContextLoader.java:106) [spring-test-4.3.17.RELEASE.jar:4.3.17.RELEASE]
	at org.springframework.test.context.support.AbstractDelegatingSmartContextLoader.loadContext(AbstractDelegatingSmartContextLoader.java:249) [spring-test-4.3.17.RELEASE.jar:4.3.17.RELEASE]
	at org.springframework.test.context.cache.DefaultCacheAwareContextLoaderDelegate.loadContextInternal(DefaultCacheAwareContextLoaderDelegate.java:98) [spring-test-4.3.17.RELEASE.jar:4.3.17.RELEASE]
	at org.springframework.test.context.cache.DefaultCacheAwareContextLoaderDelegate.loadContext(DefaultCacheAwareContextLoaderDelegate.java:116) [spring-test-4.3.17.RELEASE.jar:4.3.17.RELEASE]
	at org.springframework.test.context.support.DefaultTestContext.getApplicationContext(DefaultTestContext.java:83) [spring-test-4.3.17.RELEASE.jar:4.3.17.RELEASE]
	at org.springframework.test.context.support.DependencyInjectionTestExecutionListener.injectDependencies(DependencyInjectionTestExecutionListener.java:117) [spring-test-4.3.17.RELEASE.jar:4.3.17.RELEASE]
	at org.springframework.test.context.support.DependencyInjectionTestExecutionListener.prepareTestInstance(DependencyInjectionTestExecutionListener.java:83) [spring-test-4.3.17.RELEASE.jar:4.3.17.RELEASE]
	at org.springframework.test.context.TestContextManager.prepareTestInstance(TestContextManager.java:230) [spring-test-4.3.17.RELEASE.jar:4.3.17.RELEASE]
	at org.springframework.test.context.junit4.SpringJUnit4ClassRunner.createTest(SpringJUnit4ClassRunner.java:228) [spring-test-4.3.17.RELEASE.jar:4.3.17.RELEASE]
	at org.springframework.test.context.junit4.SpringJUnit4ClassRunner$1.runReflectiveCall(SpringJUnit4ClassRunner.java:287) [spring-test-4.3.17.RELEASE.jar:4.3.17.RELEASE]
	at org.junit.internal.runners.model.ReflectiveCallable.run(ReflectiveCallable.java:12) [junit-4.12.jar:4.12]
	at org.springframework.test.context.junit4.SpringJUnit4ClassRunner.methodBlock(SpringJUnit4ClassRunner.java:289) [spring-test-4.3.17.RELEASE.jar:4.3.17.RELEASE]
	at org.springframework.test.context.junit4.SpringJUnit4ClassRunner.runChild(SpringJUnit4ClassRunner.java:247) [spring-test-4.3.17.RELEASE.jar:4.3.17.RELEASE]
	at org.springframework.test.context.junit4.SpringJUnit4ClassRunner.runChild(SpringJUnit4ClassRunner.java:94) [spring-test-4.3.17.RELEASE.jar:4.3.17.RELEASE]
	at org.junit.runners.ParentRunner$3.run(ParentRunner.java:290) [junit-4.12.jar:4.12]
	at org.junit.runners.ParentRunner$1.schedule(ParentRunner.java:71) [junit-4.12.jar:4.12]
	at org.junit.runners.ParentRunner.runChildren(ParentRunner.java:288) [junit-4.12.jar:4.12]
	at org.junit.runners.ParentRunner.access$000(ParentRunner.java:58) [junit-4.12.jar:4.12]
	at org.junit.runners.ParentRunner$2.evaluate(ParentRunner.java:268) [junit-4.12.jar:4.12]
	at org.springframework.test.context.junit4.statements.RunBeforeTestClassCallbacks.evaluate(RunBeforeTestClassCallbacks.java:61) [spring-test-4.3.17.RELEASE.jar:4.3.17.RELEASE]
	at org.springframework.test.context.junit4.statements.RunAfterTestClassCallbacks.evaluate(RunAfterTestClassCallbacks.java:70) [spring-test-4.3.17.RELEASE.jar:4.3.17.RELEASE]
	at org.junit.runners.ParentRunner.run(ParentRunner.java:363) [junit-4.12.jar:4.12]
	at org.springframework.test.context.junit4.SpringJUnit4ClassRunner.run(SpringJUnit4ClassRunner.java:191) [spring-test-4.3.17.RELEASE.jar:4.3.17.RELEASE]
	at org.eclipse.jdt.internal.junit4.runner.JUnit4TestReference.run(JUnit4TestReference.java:86) [.cp/:?]
	at org.eclipse.jdt.internal.junit.runner.TestExecution.run(TestExecution.java:38) [.cp/:?]
	at org.eclipse.jdt.internal.junit.runner.RemoteTestRunner.runTests(RemoteTestRunner.java:459) [.cp/:?]
	at org.eclipse.jdt.internal.junit.runner.RemoteTestRunner.runTests(RemoteTestRunner.java:678) [.cp/:?]
	at org.eclipse.jdt.internal.junit.runner.RemoteTestRunner.run(RemoteTestRunner.java:382) [.cp/:?]
	at org.eclipse.jdt.internal.junit.runner.RemoteTestRunner.main(RemoteTestRunner.java:192) [.cp/:?]
Caused by: java.lang.Exception
	at com.baidu.disconf.core.common.restful.retry.impl.RetryStrategyRoundBin.retry(RetryStrategyRoundBin.java:46) ~[disconf-core-2.6.36.jar:?]
	at com.baidu.disconf.core.common.restful.impl.RestfulMgrImpl.getJsonData(RestfulMgrImpl.java:61) ~[disconf-core-2.6.36.jar:?]
	... 40 more
2019-01-29 15:13:52.480 [main] INFO  com.baidu.disconf.client.DisconfMgr - ******************************* DISCONF END FIRST SCAN *******************************
2019-01-29 15:13:52.483 [main] WARN  org.springframework.context.annotation.ConfigurationClassPostProcessor - Cannot enhance @Configuration bean definition 'disConfConfig' since its singleton instance has been created too early. The typical cause is a non-static @Bean method with a BeanDefinitionRegistryPostProcessor return type: Consider declaring such methods as 'static'.
2019-01-29 15:13:53.627 [main] INFO  com.baidu.disconf.client.DisconfMgr - ******************************* DISCONF START SECOND SCAN *******************************
2019-01-29 15:13:53.644 [main] INFO  com.baidu.disconf.client.DisconfMgr - Conf File Map: 

2019-01-29 15:13:53.645 [main] INFO  com.baidu.disconf.client.DisconfMgr - Conf Item Map: 

2019-01-29 15:13:53.645 [main] INFO  com.baidu.disconf.client.DisconfMgr - ******************************* DISCONF END *******************************
2019-01-29 15:13:53.837 [Thread-1] INFO  org.springframework.context.support.GenericApplicationContext - Closing org.springframework.context.support.GenericApplicationContext@59b38691: startup date [Tue Jan 29 15:13:35 CST 2019]; root of context hierarchy
2019-01-29 15:13:53.839 [Thread-1] INFO  com.baidu.disconf.client.DisconfMgr - ******************************* DISCONF CLOSE *******************************
2019-01-29 15:13:53.840 [Thread-1] INFO  com.baidu.disconf.client.DisconfMgr - ******************************* DISCONF CLOSE *******************************
2019-01-29 15:42:32.226 [main] INFO  org.springframework.test.context.support.DefaultTestContextBootstrapper - Loaded default TestExecutionListener class names from location [META-INF/spring.factories]: [org.springframework.test.context.web.ServletTestExecutionListener, org.springframework.test.context.support.DirtiesContextBeforeModesTestExecutionListener, org.springframework.test.context.support.DependencyInjectionTestExecutionListener, org.springframework.test.context.support.DirtiesContextTestExecutionListener, org.springframework.test.context.transaction.TransactionalTestExecutionListener, org.springframework.test.context.jdbc.SqlScriptsTestExecutionListener]
2019-01-29 15:42:32.273 [main] INFO  org.springframework.test.context.support.DefaultTestContextBootstrapper - Using TestExecutionListeners: [org.springframework.test.context.support.DirtiesContextBeforeModesTestExecutionListener@40db2a24, org.springframework.test.context.support.DependencyInjectionTestExecutionListener@10cf09e8, org.springframework.test.context.support.DirtiesContextTestExecutionListener@1921ad94, org.springframework.test.context.transaction.TransactionalTestExecutionListener@ee86bcb, org.springframework.test.context.jdbc.SqlScriptsTestExecutionListener@177bea38]
2019-01-29 15:42:32.601 [main] INFO  org.springframework.context.support.GenericApplicationContext - Refreshing org.springframework.context.support.GenericApplicationContext@59b38691: startup date [Tue Jan 29 15:42:32 CST 2019]; root of context hierarchy
2019-01-29 15:42:32.884 [main] INFO  com.baidu.disconf.client.config.ConfigMgr - --------------- LOAD CONFIG START ---------------
2019-01-29 15:42:32.884 [main] INFO  com.baidu.disconf.client.config.ConfigMgr - Finer print: L3501B1160_0_de1485b4-0533-424c-83c8-59e1fcb47d59
2019-01-29 15:42:32.900 [main] INFO  com.baidu.disconf.core.common.utils.ClassLoaderUtil - classpath: D:\Workspace-MyEclipse\study\target\test-classes
2019-01-29 15:47:02.627 [main] INFO  com.baidu.disconf.client.config.inner.DisInnerConfigHelper - SERVER disconf.conf_server_host: [127.0.0.1:80808080]
2019-01-29 15:47:02.627 [main] INFO  com.baidu.disconf.client.config.inner.DisInnerConfigHelper - SERVER disconf.version: 1_0_0_0
2019-01-29 15:47:02.627 [main] INFO  com.baidu.disconf.client.config.inner.DisInnerConfigHelper - SERVER disconf.app: disconf_demo
2019-01-29 15:47:02.627 [main] INFO  com.baidu.disconf.client.config.inner.DisInnerConfigHelper - SERVER disconf.env: DEFAULT_ENV
2019-01-29 15:47:02.627 [main] INFO  com.baidu.disconf.client.config.inner.DisInnerConfigHelper - SERVER disconf.enable.remote.conf: true
2019-01-29 15:47:02.627 [main] INFO  com.baidu.disconf.client.config.inner.DisInnerConfigHelper - SERVER disconf.debug: true
2019-01-29 15:47:02.627 [main] INFO  com.baidu.disconf.client.config.inner.DisInnerConfigHelper - SERVER disconf.user_define_download_dir: ./disconf/download
2019-01-29 15:47:02.627 [main] INFO  com.baidu.disconf.client.config.inner.DisInnerConfigHelper - SERVER disconf.ignore: []
2019-01-29 15:47:02.627 [main] INFO  com.baidu.disconf.client.config.ConfigMgr - --------------- LOAD CONFIG END ---------------
2019-01-29 15:47:02.627 [main] INFO  com.baidu.disconf.client.DisconfMgr - ******************************* DISCONF START FIRST SCAN *******************************
2019-01-29 15:47:02.912 [main] WARN  org.reflections.Reflections - given scan urls are empty. set urls in the configuration
2019-01-29 15:47:04.948 [main] WARN  com.baidu.disconf.core.common.restful.retry.impl.RetryStrategyRoundBin - cannot reach, will retry 0 .... java.lang.IllegalArgumentException: port out of range:80808080
2019-01-29 15:47:06.952 [main] WARN  com.baidu.disconf.core.common.restful.retry.impl.RetryStrategyRoundBin - cannot reach, will retry 1 .... java.lang.IllegalArgumentException: port out of range:80808080
2019-01-29 15:47:08.964 [main] WARN  com.baidu.disconf.core.common.restful.retry.impl.RetryStrategyRoundBin - cannot reach, will retry 2 .... java.lang.IllegalArgumentException: port out of range:80808080
2019-01-29 15:47:10.964 [main] WARN  com.baidu.disconf.core.common.restful.retry.impl.RetryStrategyRoundBin - finally failed....
2019-01-29 15:47:11.975 [main] ERROR com.baidu.disconf.client.watch.WatchFactory - cannot get watch module
java.lang.Exception: cannot get: RemoteUrl [url=/api/zoo/hosts, serverList=[127.0.0.1:80808080], urls=[http://127.0.0.1:80808080/api/zoo/hosts]]
	at com.baidu.disconf.core.common.restful.impl.RestfulMgrImpl.getJsonData(RestfulMgrImpl.java:75) ~[disconf-core-2.6.36.jar:?]
	at com.baidu.disconf.client.fetcher.impl.FetcherMgrImpl.getValueFromServer(FetcherMgrImpl.java:76) ~[disconf-client-2.6.36.jar:?]
	at com.baidu.disconf.client.watch.WatchFactory.getWatchMgr(WatchFactory.java:43) [disconf-client-2.6.36.jar:?]
	at com.baidu.disconf.client.core.DisconfCoreFactory.getDisconfCoreMgr(DisconfCoreFactory.java:32) [disconf-client-2.6.36.jar:?]
	at com.baidu.disconf.client.DisconfMgr.firstScan(DisconfMgr.java:97) [disconf-client-2.6.36.jar:?]
	at com.baidu.disconf.client.DisconfMgrBean.postProcessBeanDefinitionRegistry(DisconfMgrBean.java:75) [disconf-client-2.6.36.jar:?]
	at org.springframework.context.support.PostProcessorRegistrationDelegate.invokeBeanDefinitionRegistryPostProcessors(PostProcessorRegistrationDelegate.java:272) [spring-context-4.3.17.RELEASE.jar:4.3.17.RELEASE]
	at org.springframework.context.support.PostProcessorRegistrationDelegate.invokeBeanFactoryPostProcessors(PostProcessorRegistrationDelegate.java:105) [spring-context-4.3.17.RELEASE.jar:4.3.17.RELEASE]
	at org.springframework.context.support.AbstractApplicationContext.invokeBeanFactoryPostProcessors(AbstractApplicationContext.java:687) [spring-context-4.3.17.RELEASE.jar:4.3.17.RELEASE]
	at org.springframework.context.support.AbstractApplicationContext.refresh(AbstractApplicationContext.java:525) [spring-context-4.3.17.RELEASE.jar:4.3.17.RELEASE]
	at org.springframework.test.context.support.AbstractGenericContextLoader.loadContext(AbstractGenericContextLoader.java:128) [spring-test-4.3.17.RELEASE.jar:4.3.17.RELEASE]
	at org.springframework.test.context.support.AbstractGenericContextLoader.loadContext(AbstractGenericContextLoader.java:60) [spring-test-4.3.17.RELEASE.jar:4.3.17.RELEASE]
	at org.springframework.test.context.support.AbstractDelegatingSmartContextLoader.delegateLoading(AbstractDelegatingSmartContextLoader.java:106) [spring-test-4.3.17.RELEASE.jar:4.3.17.RELEASE]
	at org.springframework.test.context.support.AbstractDelegatingSmartContextLoader.loadContext(AbstractDelegatingSmartContextLoader.java:249) [spring-test-4.3.17.RELEASE.jar:4.3.17.RELEASE]
	at org.springframework.test.context.cache.DefaultCacheAwareContextLoaderDelegate.loadContextInternal(DefaultCacheAwareContextLoaderDelegate.java:98) [spring-test-4.3.17.RELEASE.jar:4.3.17.RELEASE]
	at org.springframework.test.context.cache.DefaultCacheAwareContextLoaderDelegate.loadContext(DefaultCacheAwareContextLoaderDelegate.java:116) [spring-test-4.3.17.RELEASE.jar:4.3.17.RELEASE]
	at org.springframework.test.context.support.DefaultTestContext.getApplicationContext(DefaultTestContext.java:83) [spring-test-4.3.17.RELEASE.jar:4.3.17.RELEASE]
	at org.springframework.test.context.support.DependencyInjectionTestExecutionListener.injectDependencies(DependencyInjectionTestExecutionListener.java:117) [spring-test-4.3.17.RELEASE.jar:4.3.17.RELEASE]
	at org.springframework.test.context.support.DependencyInjectionTestExecutionListener.prepareTestInstance(DependencyInjectionTestExecutionListener.java:83) [spring-test-4.3.17.RELEASE.jar:4.3.17.RELEASE]
	at org.springframework.test.context.TestContextManager.prepareTestInstance(TestContextManager.java:230) [spring-test-4.3.17.RELEASE.jar:4.3.17.RELEASE]
	at org.springframework.test.context.junit4.SpringJUnit4ClassRunner.createTest(SpringJUnit4ClassRunner.java:228) [spring-test-4.3.17.RELEASE.jar:4.3.17.RELEASE]
	at org.springframework.test.context.junit4.SpringJUnit4ClassRunner$1.runReflectiveCall(SpringJUnit4ClassRunner.java:287) [spring-test-4.3.17.RELEASE.jar:4.3.17.RELEASE]
	at org.junit.internal.runners.model.ReflectiveCallable.run(ReflectiveCallable.java:12) [junit-4.12.jar:4.12]
	at org.springframework.test.context.junit4.SpringJUnit4ClassRunner.methodBlock(SpringJUnit4ClassRunner.java:289) [spring-test-4.3.17.RELEASE.jar:4.3.17.RELEASE]
	at org.springframework.test.context.junit4.SpringJUnit4ClassRunner.runChild(SpringJUnit4ClassRunner.java:247) [spring-test-4.3.17.RELEASE.jar:4.3.17.RELEASE]
	at org.springframework.test.context.junit4.SpringJUnit4ClassRunner.runChild(SpringJUnit4ClassRunner.java:94) [spring-test-4.3.17.RELEASE.jar:4.3.17.RELEASE]
	at org.junit.runners.ParentRunner$3.run(ParentRunner.java:290) [junit-4.12.jar:4.12]
	at org.junit.runners.ParentRunner$1.schedule(ParentRunner.java:71) [junit-4.12.jar:4.12]
	at org.junit.runners.ParentRunner.runChildren(ParentRunner.java:288) [junit-4.12.jar:4.12]
	at org.junit.runners.ParentRunner.access$000(ParentRunner.java:58) [junit-4.12.jar:4.12]
	at org.junit.runners.ParentRunner$2.evaluate(ParentRunner.java:268) [junit-4.12.jar:4.12]
	at org.springframework.test.context.junit4.statements.RunBeforeTestClassCallbacks.evaluate(RunBeforeTestClassCallbacks.java:61) [spring-test-4.3.17.RELEASE.jar:4.3.17.RELEASE]
	at org.springframework.test.context.junit4.statements.RunAfterTestClassCallbacks.evaluate(RunAfterTestClassCallbacks.java:70) [spring-test-4.3.17.RELEASE.jar:4.3.17.RELEASE]
	at org.junit.runners.ParentRunner.run(ParentRunner.java:363) [junit-4.12.jar:4.12]
	at org.springframework.test.context.junit4.SpringJUnit4ClassRunner.run(SpringJUnit4ClassRunner.java:191) [spring-test-4.3.17.RELEASE.jar:4.3.17.RELEASE]
	at org.eclipse.jdt.internal.junit4.runner.JUnit4TestReference.run(JUnit4TestReference.java:86) [.cp/:?]
	at org.eclipse.jdt.internal.junit.runner.TestExecution.run(TestExecution.java:38) [.cp/:?]
	at org.eclipse.jdt.internal.junit.runner.RemoteTestRunner.runTests(RemoteTestRunner.java:459) [.cp/:?]
	at org.eclipse.jdt.internal.junit.runner.RemoteTestRunner.runTests(RemoteTestRunner.java:678) [.cp/:?]
	at org.eclipse.jdt.internal.junit.runner.RemoteTestRunner.run(RemoteTestRunner.java:382) [.cp/:?]
	at org.eclipse.jdt.internal.junit.runner.RemoteTestRunner.main(RemoteTestRunner.java:192) [.cp/:?]
Caused by: java.lang.Exception
	at com.baidu.disconf.core.common.restful.retry.impl.RetryStrategyRoundBin.retry(RetryStrategyRoundBin.java:46) ~[disconf-core-2.6.36.jar:?]
	at com.baidu.disconf.core.common.restful.impl.RestfulMgrImpl.getJsonData(RestfulMgrImpl.java:61) ~[disconf-core-2.6.36.jar:?]
	... 40 more
2019-01-29 15:47:12.084 [main] INFO  com.baidu.disconf.client.DisconfMgr - ******************************* DISCONF END FIRST SCAN *******************************
2019-01-29 15:47:12.084 [main] WARN  org.springframework.context.annotation.ConfigurationClassPostProcessor - Cannot enhance @Configuration bean definition 'disConfConfig' since its singleton instance has been created too early. The typical cause is a non-static @Bean method with a BeanDefinitionRegistryPostProcessor return type: Consider declaring such methods as 'static'.
2019-01-29 15:47:12.747 [main] INFO  com.baidu.disconf.client.DisconfMgr - ******************************* DISCONF START SECOND SCAN *******************************
2019-01-29 15:47:12.763 [main] INFO  com.baidu.disconf.client.DisconfMgr - Conf File Map: 

2019-01-29 15:47:12.763 [main] INFO  com.baidu.disconf.client.DisconfMgr - Conf Item Map: 

2019-01-29 15:47:12.763 [main] INFO  com.baidu.disconf.client.DisconfMgr - ******************************* DISCONF END *******************************
2019-01-29 15:47:12.903 [Thread-1] INFO  org.springframework.context.support.GenericApplicationContext - Closing org.springframework.context.support.GenericApplicationContext@59b38691: startup date [Tue Jan 29 15:42:32 CST 2019]; root of context hierarchy
2019-01-29 15:47:12.903 [Thread-1] INFO  com.baidu.disconf.client.DisconfMgr - ******************************* DISCONF CLOSE *******************************
2019-01-29 15:47:12.919 [Thread-1] INFO  com.baidu.disconf.client.DisconfMgr - ******************************* DISCONF CLOSE *******************************
2019-01-29 16:04:24.398 [main] INFO  org.springframework.test.context.support.DefaultTestContextBootstrapper - Loaded default TestExecutionListener class names from location [META-INF/spring.factories]: [org.springframework.test.context.web.ServletTestExecutionListener, org.springframework.test.context.support.DirtiesContextBeforeModesTestExecutionListener, org.springframework.test.context.support.DependencyInjectionTestExecutionListener, org.springframework.test.context.support.DirtiesContextTestExecutionListener, org.springframework.test.context.transaction.TransactionalTestExecutionListener, org.springframework.test.context.jdbc.SqlScriptsTestExecutionListener]
2019-01-29 16:04:24.425 [main] INFO  org.springframework.test.context.support.DefaultTestContextBootstrapper - Using TestExecutionListeners: [org.springframework.test.context.support.DirtiesContextBeforeModesTestExecutionListener@40db2a24, org.springframework.test.context.support.DependencyInjectionTestExecutionListener@10cf09e8, org.springframework.test.context.support.DirtiesContextTestExecutionListener@1921ad94, org.springframework.test.context.transaction.TransactionalTestExecutionListener@ee86bcb, org.springframework.test.context.jdbc.SqlScriptsTestExecutionListener@177bea38]
2019-01-29 16:04:24.651 [main] INFO  org.springframework.context.support.GenericApplicationContext - Refreshing org.springframework.context.support.GenericApplicationContext@59b38691: startup date [Tue Jan 29 16:04:24 CST 2019]; root of context hierarchy
2019-01-29 16:04:24.908 [main] INFO  com.baidu.disconf.client.config.ConfigMgr - --------------- LOAD CONFIG START ---------------
2019-01-29 16:04:24.911 [main] INFO  com.baidu.disconf.client.config.ConfigMgr - Finer print: L3501B1160_0_843a7f80-fd76-41d0-b663-04242c2508b8
2019-01-29 16:04:24.920 [main] INFO  com.baidu.disconf.core.common.utils.ClassLoaderUtil - classpath: D:\Workspace-MyEclipse\study\target\test-classes
2019-01-29 16:04:32.684 [main] INFO  com.baidu.disconf.client.config.inner.DisInnerConfigHelper - SERVER disconf.conf_server_host: [127.0.0.1:80808080]
2019-01-29 16:04:32.690 [main] INFO  com.baidu.disconf.client.config.inner.DisInnerConfigHelper - SERVER disconf.version: 1_0_0_0
2019-01-29 16:04:32.690 [main] INFO  com.baidu.disconf.client.config.inner.DisInnerConfigHelper - SERVER disconf.app: disconf_demo
2019-01-29 16:04:32.690 [main] INFO  com.baidu.disconf.client.config.inner.DisInnerConfigHelper - SERVER disconf.env: DEFAULT_ENV
2019-01-29 16:04:32.690 [main] INFO  com.baidu.disconf.client.config.inner.DisInnerConfigHelper - SERVER disconf.enable.remote.conf: true
2019-01-29 16:04:32.690 [main] INFO  com.baidu.disconf.client.config.inner.DisInnerConfigHelper - SERVER disconf.debug: true
2019-01-29 16:04:32.691 [main] INFO  com.baidu.disconf.client.config.inner.DisInnerConfigHelper - SERVER disconf.user_define_download_dir: ./disconf/download
2019-01-29 16:04:32.691 [main] INFO  com.baidu.disconf.client.config.inner.DisInnerConfigHelper - SERVER disconf.ignore: []
2019-01-29 16:04:32.691 [main] INFO  com.baidu.disconf.client.config.ConfigMgr - --------------- LOAD CONFIG END ---------------
2019-01-29 16:04:32.691 [main] INFO  com.baidu.disconf.client.DisconfMgr - ******************************* DISCONF START FIRST SCAN *******************************
2019-01-29 16:04:33.024 [main] WARN  org.reflections.Reflections - given scan urls are empty. set urls in the configuration
2019-01-29 16:04:34.949 [main] WARN  com.baidu.disconf.core.common.restful.retry.impl.RetryStrategyRoundBin - cannot reach, will retry 0 .... java.lang.IllegalArgumentException: port out of range:80808080
2019-01-29 16:04:36.954 [main] WARN  com.baidu.disconf.core.common.restful.retry.impl.RetryStrategyRoundBin - cannot reach, will retry 1 .... java.lang.IllegalArgumentException: port out of range:80808080
2019-01-29 16:04:38.990 [main] WARN  com.baidu.disconf.core.common.restful.retry.impl.RetryStrategyRoundBin - cannot reach, will retry 2 .... java.lang.IllegalArgumentException: port out of range:80808080
2019-01-29 16:04:40.991 [main] WARN  com.baidu.disconf.core.common.restful.retry.impl.RetryStrategyRoundBin - finally failed....
2019-01-29 16:04:42.003 [main] ERROR com.baidu.disconf.client.watch.WatchFactory - cannot get watch module
java.lang.Exception: cannot get: RemoteUrl [url=/api/zoo/hosts, serverList=[127.0.0.1:80808080], urls=[http://127.0.0.1:80808080/api/zoo/hosts]]
	at com.baidu.disconf.core.common.restful.impl.RestfulMgrImpl.getJsonData(RestfulMgrImpl.java:75) ~[disconf-core-2.6.36.jar:?]
	at com.baidu.disconf.client.fetcher.impl.FetcherMgrImpl.getValueFromServer(FetcherMgrImpl.java:76) ~[disconf-client-2.6.36.jar:?]
	at com.baidu.disconf.client.watch.WatchFactory.getWatchMgr(WatchFactory.java:43) [disconf-client-2.6.36.jar:?]
	at com.baidu.disconf.client.core.DisconfCoreFactory.getDisconfCoreMgr(DisconfCoreFactory.java:32) [disconf-client-2.6.36.jar:?]
	at com.baidu.disconf.client.DisconfMgr.firstScan(DisconfMgr.java:97) [disconf-client-2.6.36.jar:?]
	at com.baidu.disconf.client.DisconfMgrBean.postProcessBeanDefinitionRegistry(DisconfMgrBean.java:75) [disconf-client-2.6.36.jar:?]
	at org.springframework.context.support.PostProcessorRegistrationDelegate.invokeBeanDefinitionRegistryPostProcessors(PostProcessorRegistrationDelegate.java:272) [spring-context-4.3.17.RELEASE.jar:4.3.17.RELEASE]
	at org.springframework.context.support.PostProcessorRegistrationDelegate.invokeBeanFactoryPostProcessors(PostProcessorRegistrationDelegate.java:105) [spring-context-4.3.17.RELEASE.jar:4.3.17.RELEASE]
	at org.springframework.context.support.AbstractApplicationContext.invokeBeanFactoryPostProcessors(AbstractApplicationContext.java:687) [spring-context-4.3.17.RELEASE.jar:4.3.17.RELEASE]
	at org.springframework.context.support.AbstractApplicationContext.refresh(AbstractApplicationContext.java:525) [spring-context-4.3.17.RELEASE.jar:4.3.17.RELEASE]
	at org.springframework.test.context.support.AbstractGenericContextLoader.loadContext(AbstractGenericContextLoader.java:128) [spring-test-4.3.17.RELEASE.jar:4.3.17.RELEASE]
	at org.springframework.test.context.support.AbstractGenericContextLoader.loadContext(AbstractGenericContextLoader.java:60) [spring-test-4.3.17.RELEASE.jar:4.3.17.RELEASE]
	at org.springframework.test.context.support.AbstractDelegatingSmartContextLoader.delegateLoading(AbstractDelegatingSmartContextLoader.java:106) [spring-test-4.3.17.RELEASE.jar:4.3.17.RELEASE]
	at org.springframework.test.context.support.AbstractDelegatingSmartContextLoader.loadContext(AbstractDelegatingSmartContextLoader.java:249) [spring-test-4.3.17.RELEASE.jar:4.3.17.RELEASE]
	at org.springframework.test.context.cache.DefaultCacheAwareContextLoaderDelegate.loadContextInternal(DefaultCacheAwareContextLoaderDelegate.java:98) [spring-test-4.3.17.RELEASE.jar:4.3.17.RELEASE]
	at org.springframework.test.context.cache.DefaultCacheAwareContextLoaderDelegate.loadContext(DefaultCacheAwareContextLoaderDelegate.java:116) [spring-test-4.3.17.RELEASE.jar:4.3.17.RELEASE]
	at org.springframework.test.context.support.DefaultTestContext.getApplicationContext(DefaultTestContext.java:83) [spring-test-4.3.17.RELEASE.jar:4.3.17.RELEASE]
	at org.springframework.test.context.support.DependencyInjectionTestExecutionListener.injectDependencies(DependencyInjectionTestExecutionListener.java:117) [spring-test-4.3.17.RELEASE.jar:4.3.17.RELEASE]
	at org.springframework.test.context.support.DependencyInjectionTestExecutionListener.prepareTestInstance(DependencyInjectionTestExecutionListener.java:83) [spring-test-4.3.17.RELEASE.jar:4.3.17.RELEASE]
	at org.springframework.test.context.TestContextManager.prepareTestInstance(TestContextManager.java:230) [spring-test-4.3.17.RELEASE.jar:4.3.17.RELEASE]
	at org.springframework.test.context.junit4.SpringJUnit4ClassRunner.createTest(SpringJUnit4ClassRunner.java:228) [spring-test-4.3.17.RELEASE.jar:4.3.17.RELEASE]
	at org.springframework.test.context.junit4.SpringJUnit4ClassRunner$1.runReflectiveCall(SpringJUnit4ClassRunner.java:287) [spring-test-4.3.17.RELEASE.jar:4.3.17.RELEASE]
	at org.junit.internal.runners.model.ReflectiveCallable.run(ReflectiveCallable.java:12) [junit-4.12.jar:4.12]
	at org.springframework.test.context.junit4.SpringJUnit4ClassRunner.methodBlock(SpringJUnit4ClassRunner.java:289) [spring-test-4.3.17.RELEASE.jar:4.3.17.RELEASE]
	at org.springframework.test.context.junit4.SpringJUnit4ClassRunner.runChild(SpringJUnit4ClassRunner.java:247) [spring-test-4.3.17.RELEASE.jar:4.3.17.RELEASE]
	at org.springframework.test.context.junit4.SpringJUnit4ClassRunner.runChild(SpringJUnit4ClassRunner.java:94) [spring-test-4.3.17.RELEASE.jar:4.3.17.RELEASE]
	at org.junit.runners.ParentRunner$3.run(ParentRunner.java:290) [junit-4.12.jar:4.12]
	at org.junit.runners.ParentRunner$1.schedule(ParentRunner.java:71) [junit-4.12.jar:4.12]
	at org.junit.runners.ParentRunner.runChildren(ParentRunner.java:288) [junit-4.12.jar:4.12]
	at org.junit.runners.ParentRunner.access$000(ParentRunner.java:58) [junit-4.12.jar:4.12]
	at org.junit.runners.ParentRunner$2.evaluate(ParentRunner.java:268) [junit-4.12.jar:4.12]
	at org.springframework.test.context.junit4.statements.RunBeforeTestClassCallbacks.evaluate(RunBeforeTestClassCallbacks.java:61) [spring-test-4.3.17.RELEASE.jar:4.3.17.RELEASE]
	at org.springframework.test.context.junit4.statements.RunAfterTestClassCallbacks.evaluate(RunAfterTestClassCallbacks.java:70) [spring-test-4.3.17.RELEASE.jar:4.3.17.RELEASE]
	at org.junit.runners.ParentRunner.run(ParentRunner.java:363) [junit-4.12.jar:4.12]
	at org.springframework.test.context.junit4.SpringJUnit4ClassRunner.run(SpringJUnit4ClassRunner.java:191) [spring-test-4.3.17.RELEASE.jar:4.3.17.RELEASE]
	at org.eclipse.jdt.internal.junit4.runner.JUnit4TestReference.run(JUnit4TestReference.java:86) [.cp/:?]
	at org.eclipse.jdt.internal.junit.runner.TestExecution.run(TestExecution.java:38) [.cp/:?]
	at org.eclipse.jdt.internal.junit.runner.RemoteTestRunner.runTests(RemoteTestRunner.java:459) [.cp/:?]
	at org.eclipse.jdt.internal.junit.runner.RemoteTestRunner.runTests(RemoteTestRunner.java:678) [.cp/:?]
	at org.eclipse.jdt.internal.junit.runner.RemoteTestRunner.run(RemoteTestRunner.java:382) [.cp/:?]
	at org.eclipse.jdt.internal.junit.runner.RemoteTestRunner.main(RemoteTestRunner.java:192) [.cp/:?]
Caused by: java.lang.Exception
	at com.baidu.disconf.core.common.restful.retry.impl.RetryStrategyRoundBin.retry(RetryStrategyRoundBin.java:46) ~[disconf-core-2.6.36.jar:?]
	at com.baidu.disconf.core.common.restful.impl.RestfulMgrImpl.getJsonData(RestfulMgrImpl.java:61) ~[disconf-core-2.6.36.jar:?]
	... 40 more
2019-01-29 16:04:42.338 [main] INFO  com.baidu.disconf.client.DisconfMgr - ******************************* DISCONF END FIRST SCAN *******************************
2019-01-29 16:04:42.341 [main] WARN  org.springframework.context.annotation.ConfigurationClassPostProcessor - Cannot enhance @Configuration bean definition 'disConfConfig' since its singleton instance has been created too early. The typical cause is a non-static @Bean method with a BeanDefinitionRegistryPostProcessor return type: Consider declaring such methods as 'static'.
2019-01-29 16:04:43.214 [main] INFO  com.baidu.disconf.client.DisconfMgr - ******************************* DISCONF START SECOND SCAN *******************************
2019-01-29 16:04:43.220 [main] INFO  com.baidu.disconf.client.DisconfMgr - Conf File Map: 

2019-01-29 16:04:43.220 [main] INFO  com.baidu.disconf.client.DisconfMgr - Conf Item Map: 

2019-01-29 16:04:43.220 [main] INFO  com.baidu.disconf.client.DisconfMgr - ******************************* DISCONF END *******************************
2019-01-29 16:04:43.356 [Thread-1] INFO  org.springframework.context.support.GenericApplicationContext - Closing org.springframework.context.support.GenericApplicationContext@59b38691: startup date [Tue Jan 29 16:04:24 CST 2019]; root of context hierarchy
2019-01-29 16:04:43.358 [Thread-1] INFO  com.baidu.disconf.client.DisconfMgr - ******************************* DISCONF CLOSE *******************************
2019-01-29 16:04:43.360 [Thread-1] INFO  com.baidu.disconf.client.DisconfMgr - ******************************* DISCONF CLOSE *******************************
2019-01-29 16:11:13.174 [main] INFO  org.springframework.test.context.support.DefaultTestContextBootstrapper - Loaded default TestExecutionListener class names from location [META-INF/spring.factories]: [org.springframework.test.context.web.ServletTestExecutionListener, org.springframework.test.context.support.DirtiesContextBeforeModesTestExecutionListener, org.springframework.test.context.support.DependencyInjectionTestExecutionListener, org.springframework.test.context.support.DirtiesContextTestExecutionListener, org.springframework.test.context.transaction.TransactionalTestExecutionListener, org.springframework.test.context.jdbc.SqlScriptsTestExecutionListener]
2019-01-29 16:11:13.187 [main] INFO  org.springframework.test.context.support.DefaultTestContextBootstrapper - Using TestExecutionListeners: [org.springframework.test.context.support.DirtiesContextBeforeModesTestExecutionListener@3eb25e1a, org.springframework.test.context.support.DependencyInjectionTestExecutionListener@477b4cdf, org.springframework.test.context.support.DirtiesContextTestExecutionListener@77c2494c, org.springframework.test.context.transaction.TransactionalTestExecutionListener@f5958c9, org.springframework.test.context.jdbc.SqlScriptsTestExecutionListener@233795b6]
2019-01-29 16:11:13.268 [main] INFO  org.springframework.context.support.GenericApplicationContext - Refreshing org.springframework.context.support.GenericApplicationContext@6f4a47c7: startup date [Tue Jan 29 16:11:13 CST 2019]; root of context hierarchy
2019-01-29 16:11:13.396 [main] INFO  com.baidu.disconf.client.config.ConfigMgr - --------------- LOAD CONFIG START ---------------
2019-01-29 16:11:13.398 [main] INFO  com.baidu.disconf.client.config.ConfigMgr - Finer print: L3501B1160_0_28c614dd-afaf-4daa-9056-91942a863c99
2019-01-29 16:11:13.403 [main] INFO  com.baidu.disconf.core.common.utils.ClassLoaderUtil - classpath: D:\Workspace-MyEclipse\study\target\test-classes
2019-01-29 16:11:13.412 [main] INFO  com.baidu.disconf.client.config.inner.DisInnerConfigHelper - SERVER disconf.conf_server_host: [127.0.0.1:80808080]
2019-01-29 16:11:13.412 [main] INFO  com.baidu.disconf.client.config.inner.DisInnerConfigHelper - SERVER disconf.version: 1_0_0_0
2019-01-29 16:11:13.412 [main] INFO  com.baidu.disconf.client.config.inner.DisInnerConfigHelper - SERVER disconf.app: disconf_demo
2019-01-29 16:11:13.412 [main] INFO  com.baidu.disconf.client.config.inner.DisInnerConfigHelper - SERVER disconf.env: DEFAULT_ENV
2019-01-29 16:11:13.412 [main] INFO  com.baidu.disconf.client.config.inner.DisInnerConfigHelper - SERVER disconf.enable.remote.conf: true
2019-01-29 16:11:13.412 [main] INFO  com.baidu.disconf.client.config.inner.DisInnerConfigHelper - SERVER disconf.debug: true
2019-01-29 16:11:13.412 [main] INFO  com.baidu.disconf.client.config.inner.DisInnerConfigHelper - SERVER disconf.user_define_download_dir: ./disconf/download
2019-01-29 16:11:13.412 [main] INFO  com.baidu.disconf.client.config.inner.DisInnerConfigHelper - SERVER disconf.ignore: []
2019-01-29 16:11:13.412 [main] INFO  com.baidu.disconf.client.config.ConfigMgr - --------------- LOAD CONFIG END ---------------
2019-01-29 16:11:13.412 [main] INFO  com.baidu.disconf.client.DisconfMgr - ******************************* DISCONF START FIRST SCAN *******************************
2019-01-29 16:11:13.453 [main] WARN  org.reflections.Reflections - given scan urls are empty. set urls in the configuration
2019-01-29 16:11:13.904 [main] WARN  com.baidu.disconf.core.common.restful.retry.impl.RetryStrategyRoundBin - cannot reach, will retry 0 .... java.lang.IllegalArgumentException: port out of range:80808080
2019-01-29 16:11:15.906 [main] WARN  com.baidu.disconf.core.common.restful.retry.impl.RetryStrategyRoundBin - cannot reach, will retry 1 .... java.lang.IllegalArgumentException: port out of range:80808080
2019-01-29 16:11:17.908 [main] WARN  com.baidu.disconf.core.common.restful.retry.impl.RetryStrategyRoundBin - cannot reach, will retry 2 .... java.lang.IllegalArgumentException: port out of range:80808080
2019-01-29 16:11:19.909 [main] WARN  com.baidu.disconf.core.common.restful.retry.impl.RetryStrategyRoundBin - finally failed....
2019-01-29 16:11:20.915 [main] ERROR com.baidu.disconf.client.watch.WatchFactory - cannot get watch module
java.lang.Exception: cannot get: RemoteUrl [url=/api/zoo/hosts, serverList=[127.0.0.1:80808080], urls=[http://127.0.0.1:80808080/api/zoo/hosts]]
	at com.baidu.disconf.core.common.restful.impl.RestfulMgrImpl.getJsonData(RestfulMgrImpl.java:75) ~[disconf-core-2.6.36.jar:?]
	at com.baidu.disconf.client.fetcher.impl.FetcherMgrImpl.getValueFromServer(FetcherMgrImpl.java:76) ~[disconf-client-2.6.36.jar:?]
	at com.baidu.disconf.client.watch.WatchFactory.getWatchMgr(WatchFactory.java:43) [disconf-client-2.6.36.jar:?]
	at com.baidu.disconf.client.core.DisconfCoreFactory.getDisconfCoreMgr(DisconfCoreFactory.java:32) [disconf-client-2.6.36.jar:?]
	at com.baidu.disconf.client.DisconfMgr.firstScan(DisconfMgr.java:97) [disconf-client-2.6.36.jar:?]
	at com.baidu.disconf.client.DisconfMgrBean.postProcessBeanDefinitionRegistry(DisconfMgrBean.java:75) [disconf-client-2.6.36.jar:?]
	at org.springframework.context.support.PostProcessorRegistrationDelegate.invokeBeanDefinitionRegistryPostProcessors(PostProcessorRegistrationDelegate.java:272) [spring-context-4.3.17.RELEASE.jar:4.3.17.RELEASE]
	at org.springframework.context.support.PostProcessorRegistrationDelegate.invokeBeanFactoryPostProcessors(PostProcessorRegistrationDelegate.java:105) [spring-context-4.3.17.RELEASE.jar:4.3.17.RELEASE]
	at org.springframework.context.support.AbstractApplicationContext.invokeBeanFactoryPostProcessors(AbstractApplicationContext.java:687) [spring-context-4.3.17.RELEASE.jar:4.3.17.RELEASE]
	at org.springframework.context.support.AbstractApplicationContext.refresh(AbstractApplicationContext.java:525) [spring-context-4.3.17.RELEASE.jar:4.3.17.RELEASE]
	at org.springframework.test.context.support.AbstractGenericContextLoader.loadContext(AbstractGenericContextLoader.java:128) [spring-test-4.3.17.RELEASE.jar:4.3.17.RELEASE]
	at org.springframework.test.context.support.AbstractGenericContextLoader.loadContext(AbstractGenericContextLoader.java:60) [spring-test-4.3.17.RELEASE.jar:4.3.17.RELEASE]
	at org.springframework.test.context.support.AbstractDelegatingSmartContextLoader.delegateLoading(AbstractDelegatingSmartContextLoader.java:106) [spring-test-4.3.17.RELEASE.jar:4.3.17.RELEASE]
	at org.springframework.test.context.support.AbstractDelegatingSmartContextLoader.loadContext(AbstractDelegatingSmartContextLoader.java:249) [spring-test-4.3.17.RELEASE.jar:4.3.17.RELEASE]
	at org.springframework.test.context.cache.DefaultCacheAwareContextLoaderDelegate.loadContextInternal(DefaultCacheAwareContextLoaderDelegate.java:98) [spring-test-4.3.17.RELEASE.jar:4.3.17.RELEASE]
	at org.springframework.test.context.cache.DefaultCacheAwareContextLoaderDelegate.loadContext(DefaultCacheAwareContextLoaderDelegate.java:116) [spring-test-4.3.17.RELEASE.jar:4.3.17.RELEASE]
	at org.springframework.test.context.support.DefaultTestContext.getApplicationContext(DefaultTestContext.java:83) [spring-test-4.3.17.RELEASE.jar:4.3.17.RELEASE]
	at org.springframework.test.context.support.DependencyInjectionTestExecutionListener.injectDependencies(DependencyInjectionTestExecutionListener.java:117) [spring-test-4.3.17.RELEASE.jar:4.3.17.RELEASE]
	at org.springframework.test.context.support.DependencyInjectionTestExecutionListener.prepareTestInstance(DependencyInjectionTestExecutionListener.java:83) [spring-test-4.3.17.RELEASE.jar:4.3.17.RELEASE]
	at org.springframework.test.context.TestContextManager.prepareTestInstance(TestContextManager.java:230) [spring-test-4.3.17.RELEASE.jar:4.3.17.RELEASE]
	at org.springframework.test.context.junit4.SpringJUnit4ClassRunner.createTest(SpringJUnit4ClassRunner.java:228) [spring-test-4.3.17.RELEASE.jar:4.3.17.RELEASE]
	at org.springframework.test.context.junit4.SpringJUnit4ClassRunner$1.runReflectiveCall(SpringJUnit4ClassRunner.java:287) [spring-test-4.3.17.RELEASE.jar:4.3.17.RELEASE]
	at org.junit.internal.runners.model.ReflectiveCallable.run(ReflectiveCallable.java:12) [junit-4.12.jar:4.12]
	at org.springframework.test.context.junit4.SpringJUnit4ClassRunner.methodBlock(SpringJUnit4ClassRunner.java:289) [spring-test-4.3.17.RELEASE.jar:4.3.17.RELEASE]
	at org.springframework.test.context.junit4.SpringJUnit4ClassRunner.runChild(SpringJUnit4ClassRunner.java:247) [spring-test-4.3.17.RELEASE.jar:4.3.17.RELEASE]
	at org.springframework.test.context.junit4.SpringJUnit4ClassRunner.runChild(SpringJUnit4ClassRunner.java:94) [spring-test-4.3.17.RELEASE.jar:4.3.17.RELEASE]
	at org.junit.runners.ParentRunner$3.run(ParentRunner.java:290) [junit-4.12.jar:4.12]
	at org.junit.runners.ParentRunner$1.schedule(ParentRunner.java:71) [junit-4.12.jar:4.12]
	at org.junit.runners.ParentRunner.runChildren(ParentRunner.java:288) [junit-4.12.jar:4.12]
	at org.junit.runners.ParentRunner.access$000(ParentRunner.java:58) [junit-4.12.jar:4.12]
	at org.junit.runners.ParentRunner$2.evaluate(ParentRunner.java:268) [junit-4.12.jar:4.12]
	at org.springframework.test.context.junit4.statements.RunBeforeTestClassCallbacks.evaluate(RunBeforeTestClassCallbacks.java:61) [spring-test-4.3.17.RELEASE.jar:4.3.17.RELEASE]
	at org.springframework.test.context.junit4.statements.RunAfterTestClassCallbacks.evaluate(RunAfterTestClassCallbacks.java:70) [spring-test-4.3.17.RELEASE.jar:4.3.17.RELEASE]
	at org.junit.runners.ParentRunner.run(ParentRunner.java:363) [junit-4.12.jar:4.12]
	at org.springframework.test.context.junit4.SpringJUnit4ClassRunner.run(SpringJUnit4ClassRunner.java:191) [spring-test-4.3.17.RELEASE.jar:4.3.17.RELEASE]
	at org.apache.maven.surefire.junit4.JUnit4Provider.execute(JUnit4Provider.java:252) [surefire-junit4-2.12.4.jar:2.12.4]
	at org.apache.maven.surefire.junit4.JUnit4Provider.executeTestSet(JUnit4Provider.java:141) [surefire-junit4-2.12.4.jar:2.12.4]
	at org.apache.maven.surefire.junit4.JUnit4Provider.invoke(JUnit4Provider.java:112) [surefire-junit4-2.12.4.jar:2.12.4]
	at sun.reflect.NativeMethodAccessorImpl.invoke0(Native Method) ~[?:1.8.0_112]
	at sun.reflect.NativeMethodAccessorImpl.invoke(NativeMethodAccessorImpl.java:62) ~[?:1.8.0_112]
	at sun.reflect.DelegatingMethodAccessorImpl.invoke(DelegatingMethodAccessorImpl.java:43) ~[?:1.8.0_112]
	at java.lang.reflect.Method.invoke(Method.java:498) ~[?:1.8.0_112]
	at org.apache.maven.surefire.util.ReflectionUtils.invokeMethodWithArray(ReflectionUtils.java:189) [surefire-api-2.12.4.jar:2.12.4]
	at org.apache.maven.surefire.booter.ProviderFactory$ProviderProxy.invoke(ProviderFactory.java:165) [surefire-booter-2.12.4.jar:2.12.4]
	at org.apache.maven.surefire.booter.ProviderFactory.invokeProvider(ProviderFactory.java:85) [surefire-booter-2.12.4.jar:2.12.4]
	at org.apache.maven.surefire.booter.ForkedBooter.runSuitesInProcess(ForkedBooter.java:115) [surefire-booter-2.12.4.jar:2.12.4]
	at org.apache.maven.surefire.booter.ForkedBooter.main(ForkedBooter.java:75) [surefire-booter-2.12.4.jar:2.12.4]
Caused by: java.lang.Exception
	at com.baidu.disconf.core.common.restful.retry.impl.RetryStrategyRoundBin.retry(RetryStrategyRoundBin.java:46) ~[disconf-core-2.6.36.jar:?]
	at com.baidu.disconf.core.common.restful.impl.RestfulMgrImpl.getJsonData(RestfulMgrImpl.java:61) ~[disconf-core-2.6.36.jar:?]
	... 46 more
2019-01-29 16:11:21.140 [main] INFO  com.baidu.disconf.client.DisconfMgr - ******************************* DISCONF END FIRST SCAN *******************************
2019-01-29 16:11:21.143 [main] WARN  org.springframework.context.annotation.ConfigurationClassPostProcessor - Cannot enhance @Configuration bean definition 'disConfConfig' since its singleton instance has been created too early. The typical cause is a non-static @Bean method with a BeanDefinitionRegistryPostProcessor return type: Consider declaring such methods as 'static'.
2019-01-29 16:11:21.872 [main] INFO  com.baidu.disconf.client.DisconfMgr - ******************************* DISCONF START SECOND SCAN *******************************
2019-01-29 16:11:21.878 [main] INFO  com.baidu.disconf.client.DisconfMgr - Conf File Map: 

2019-01-29 16:11:21.878 [main] INFO  com.baidu.disconf.client.DisconfMgr - Conf Item Map: 

2019-01-29 16:11:21.878 [main] INFO  com.baidu.disconf.client.DisconfMgr - ******************************* DISCONF END *******************************
2019-01-29 16:11:22.037 [Thread-1] INFO  org.springframework.context.support.GenericApplicationContext - Closing org.springframework.context.support.GenericApplicationContext@6f4a47c7: startup date [Tue Jan 29 16:11:13 CST 2019]; root of context hierarchy
2019-01-29 16:11:22.038 [Thread-1] INFO  com.baidu.disconf.client.DisconfMgr - ******************************* DISCONF CLOSE *******************************
2019-01-29 16:11:22.039 [Thread-1] INFO  com.baidu.disconf.client.DisconfMgr - ******************************* DISCONF CLOSE *******************************
